*** Using Compiler 'V5.06 update 7 (build 960)', folder: 'D:\App_Bins\Keil_v5\ARM\ARMcompiler506\Bin'
Build target 'f479_1'
assembling startup_stm32f479xx.s...
compiling network.c...
compiling network_data_params.c...
compiling network_data.c...
compiling stm32f4xx_hal_msp.c...
compiling stm32f4xx_hal_flash_ramfunc.c...
compiling main.c...
compiling usart.c...
compiling gpio.c...
compiling stm32f4xx_it.c...
compiling stm32f4xx_hal_flash.c...
compiling stm32f4xx_hal_flash_ex.c...
compiling app_x-cube-ai.c...
compiling stm32f4xx_hal_rcc_ex.c...
compiling stm32f4xx_hal_rcc.c...
compiling stm32f4xx_hal_dma.c...
compiling stm32f4xx_hal_pwr_ex.c...
compiling stm32f4xx_hal_exti.c...
compiling stm32f4xx_hal.c...
compiling stm32f4xx_hal_tim_ex.c...
compiling stm32f4xx_hal_gpio.c...
compiling stm32f4xx_hal_tim.c...
compiling stm32f4xx_hal_pwr.c...
compiling stm32f4xx_hal_dma_ex.c...
compiling stm32f4xx_hal_cortex.c...
compiling stm32f4xx_hal_uart.c...
compiling system_stm32f4xx.c...
linking...
f479_1\f479_1.axf: Error: L6261E: Multiple execution regions with the same name (RW_RAM) are not allowed.
Not enough information to list image symbols.
Not enough information to list load addresses in the image map.
Finished: 2 information, 0 warning and 1 error messages.
"f479_1\f479_1.axf" - 1 Error(s), 0 Warning(s).
Target not created.
Build Time Elapsed:  00:00:13
